Release 14.7 - xst P.20131013 (nt64)
Copyright (c) 1995-2013 Xilinx, Inc.  All rights reserved.
--> Parameter TMPDIR set to xst/projnav.tmp


Total REAL time to Xst completion: 0.00 secs
Total CPU time to Xst completion: 0.14 secs
 
--> Parameter xsthdpdir set to xst


Total REAL time to Xst completion: 0.00 secs
Total CPU time to Xst completion: 0.14 secs
 
--> Reading design: GPIO_demo.prj

TABLE OF CONTENTS
  1) Synthesis Options Summary
  2) HDL Parsing
  3) HDL Elaboration
  4) HDL Synthesis
       4.1) HDL Synthesis Report
  5) Advanced HDL Synthesis
       5.1) Advanced HDL Synthesis Report
  6) Low Level Synthesis
  7) Partition Report
  8) Design Summary
       8.1) Primitive and Black Box Usage
       8.2) Device utilization summary
       8.3) Partition Resource Summary
       8.4) Timing Report
            8.4.1) Clock Information
            8.4.2) Asynchronous Control Signals Information
            8.4.3) Timing Summary
            8.4.4) Timing Details
            8.4.5) Cross Clock Domains Report


=========================================================================
*                      Synthesis Options Summary                        *
=========================================================================
---- Source Parameters
Input File Name                    : "GPIO_demo.prj"
Ignore Synthesis Constraint File   : NO

---- Target Parameters
Output File Name                   : "GPIO_demo"
Output Format                      : NGC
Target Device                      : xc7a100t-3-csg324

---- Source Options
Top Module Name                    : GPIO_demo
Automatic FSM Extraction           : YES
FSM Encoding Algorithm             : Auto
Safe Implementation                : No
FSM Style                          : LUT
RAM Extraction                     : Yes
RAM Style                          : Auto
ROM Extraction                     : Yes
Shift Register Extraction          : YES
ROM Style                          : Auto
Resource Sharing                   : YES
Asynchronous To Synchronous        : NO
Shift Register Minimum Size        : 2
Use DSP Block                      : Auto
Automatic Register Balancing       : No

---- Target Options
LUT Combining                      : Auto
Reduce Control Sets                : Auto
Add IO Buffers                     : YES
Global Maximum Fanout              : 100000
Add Generic Clock Buffer(BUFG)     : 32
Register Duplication               : YES
Optimize Instantiated Primitives   : NO
Use Clock Enable                   : Auto
Use Synchronous Set                : Auto
Use Synchronous Reset              : Auto
Pack IO Registers into IOBs        : Auto
Equivalent register Removal        : YES

---- General Options
Optimization Goal                  : Speed
Optimization Effort                : 1
Power Reduction                    : NO
Keep Hierarchy                     : No
Netlist Hierarchy                  : As_Optimized
RTL Output                         : Yes
Global Optimization                : AllClockNets
Read Cores                         : YES
Write Timing Constraints           : NO
Cross Clock Analysis               : NO
Hierarchy Separator                : /
Bus Delimiter                      : <>
Case Specifier                     : Maintain
Slice Utilization Ratio            : 100
BRAM Utilization Ratio             : 100
DSP48 Utilization Ratio            : 100
Auto BRAM Packing                  : NO
Slice Utilization Ratio Delta      : 5

=========================================================================


=========================================================================
*                          HDL Parsing                                  *
=========================================================================
Parsing VHDL file "C:\workspaces\ISE_workspace\PmodBT2 UART Demo\PmodBT2_UART_Demo\UART_TX_CTRL.vhd" into library work
Parsing entity <UART_TX_CTRL>.
Parsing architecture <Behavioral> of entity <uart_tx_ctrl>.
Parsing VHDL file "C:\workspaces\ISE_workspace\PmodBT2 UART Demo\PmodBT2_UART_Demo\UART_Demo.vhd" into library work
Parsing entity <GPIO_demo>.
Parsing architecture <Behavioral> of entity <gpio_demo>.

=========================================================================
*                            HDL Elaboration                            *
=========================================================================

Elaborating entity <GPIO_demo> (architecture <Behavioral>) from library <work>.
INFO:HDLCompiler:679 - "C:\workspaces\ISE_workspace\PmodBT2 UART Demo\PmodBT2_UART_Demo\UART_Demo.vhd" Line 272. Case statement is complete. others clause is never selected

Elaborating entity <UART_TX_CTRL> (architecture <Behavioral>) from library <work>.
INFO:HDLCompiler:679 - "C:\workspaces\ISE_workspace\PmodBT2 UART Demo\PmodBT2_UART_Demo\UART_TX_CTRL.vhd" Line 97. Case statement is complete. others clause is never selected
WARNING:HDLCompiler:634 - "C:\workspaces\ISE_workspace\PmodBT2 UART Demo\PmodBT2_UART_Demo\UART_Demo.vhd" Line 160: Net <sendStr[24][7]> does not have a driver.

=========================================================================
*                           HDL Synthesis                               *
=========================================================================

Synthesizing Unit <GPIO_demo>.
    Related source file is "C:\workspaces\ISE_workspace\PmodBT2 UART Demo\PmodBT2_UART_Demo\UART_Demo.vhd".
WARNING:Xst:647 - Input <UART_RXD> is never used. This port will be preserved and left unconnected if it belongs to a top-level block or it belongs to a sub-block and the hierarchy of this sub-block is preserved.
WARNING:Xst:647 - Input <CTS> is never used. This port will be preserved and left unconnected if it belongs to a top-level block or it belongs to a sub-block and the hierarchy of this sub-block is preserved.
WARNING:Xst:647 - Input <STATUS> is never used. This port will be preserved and left unconnected if it belongs to a top-level block or it belongs to a sub-block and the hierarchy of this sub-block is preserved.
WARNING:Xst:653 - Signal <sendStr<24>> is used but never assigned. This sourceless signal will be automatically connected to value GND.
WARNING:Xst:653 - Signal <sendStr<25>> is used but never assigned. This sourceless signal will be automatically connected to value GND.
WARNING:Xst:653 - Signal <sendStr<26>> is used but never assigned. This sourceless signal will be automatically connected to value GND.
    Found 1-bit register for signal <LEDReg>.
    Found 1-bit register for signal <btnReg>.
    Found 3-bit register for signal <uartState>.
    Found 8-bit register for signal <sendStr<0>>.
    Found 8-bit register for signal <sendStr<1>>.
    Found 8-bit register for signal <sendStr<2>>.
    Found 8-bit register for signal <sendStr<3>>.
    Found 8-bit register for signal <sendStr<4>>.
    Found 8-bit register for signal <sendStr<5>>.
    Found 8-bit register for signal <sendStr<6>>.
    Found 8-bit register for signal <sendStr<7>>.
    Found 8-bit register for signal <sendStr<8>>.
    Found 8-bit register for signal <sendStr<9>>.
    Found 8-bit register for signal <sendStr<10>>.
    Found 8-bit register for signal <sendStr<11>>.
    Found 8-bit register for signal <sendStr<12>>.
    Found 8-bit register for signal <sendStr<13>>.
    Found 8-bit register for signal <sendStr<14>>.
    Found 8-bit register for signal <sendStr<15>>.
    Found 8-bit register for signal <sendStr<16>>.
    Found 8-bit register for signal <sendStr<17>>.
    Found 8-bit register for signal <sendStr<18>>.
    Found 8-bit register for signal <sendStr<19>>.
    Found 8-bit register for signal <sendStr<20>>.
    Found 8-bit register for signal <sendStr<21>>.
    Found 8-bit register for signal <sendStr<22>>.
    Found 8-bit register for signal <sendStr<23>>.
    Found 31-bit register for signal <strEnd>.
    Found 31-bit register for signal <strIndex>.
    Found 1-bit register for signal <uartSend>.
    Found 8-bit register for signal <uartData>.
    Found 22-bit register for signal <blinkCounter>.
    Found finite state machine <FSM_0> for signal <uartState>.
    -----------------------------------------------------------------------
    | States             | 7                                              |
    | Transitions        | 11                                             |
    | Inputs             | 4                                              |
    | Outputs            | 114                                            |
    | Clock              | CLK (rising_edge)                              |
    | Power Up State     | rst_reg                                        |
    | Encoding           | auto                                           |
    | Implementation     | LUT                                            |
    -----------------------------------------------------------------------
    Found 22-bit adder for signal <blinkCounter[21]_GND_5_o_add_1_OUT> created at line 192.
    Found 31-bit adder for signal <strIndex[30]_GND_5_o_add_90_OUT> created at line 302.
    Found 8-bit 25-to-1 multiplexer for signal <strIndex[4]_X_5_o_wide_mux_95_OUT> created at line 313.
    Found 22-bit comparator greater for signal <blinkCounter[21]_PWR_5_o_LessThan_1_o> created at line 191
    Found 31-bit comparator equal for signal <strIndex[30]_strEnd[30]_equal_5_o> created at line 260
    Summary:
	inferred   2 Adder/Subtractor(s).
	inferred 287 D-type flip-flop(s).
	inferred   2 Comparator(s).
	inferred   1 Multiplexer(s).
	inferred   1 Finite State Machine(s).
Unit <GPIO_demo> synthesized.

Synthesizing Unit <UART_TX_CTRL>.
    Related source file is "C:\workspaces\ISE_workspace\PmodBT2 UART Demo\PmodBT2_UART_Demo\UART_TX_CTRL.vhd".
    Found 14-bit register for signal <bitTmr>.
    Found 31-bit register for signal <bitIndex>.
    Found 10-bit register for signal <txData>.
    Found 1-bit register for signal <txBit>.
    Found 2-bit register for signal <txState>.
    Found finite state machine <FSM_1> for signal <txState>.
    -----------------------------------------------------------------------
    | States             | 3                                              |
    | Transitions        | 6                                              |
    | Inputs             | 3                                              |
    | Outputs            | 3                                              |
    | Clock              | CLK (rising_edge)                              |
    | Power Up State     | rdy                                            |
    | Encoding           | auto                                           |
    | Implementation     | LUT                                            |
    -----------------------------------------------------------------------
    Found 14-bit adder for signal <bitTmr[13]_GND_6_o_add_7_OUT> created at line 112.
    Found 31-bit adder for signal <bitIndex[30]_GND_6_o_add_14_OUT> created at line 127.
    Found 1-bit 10-to-1 multiplexer for signal <bitIndex[3]_X_6_o_Mux_22_o> created at line 147.
    Summary:
	inferred   2 Adder/Subtractor(s).
	inferred  56 D-type flip-flop(s).
	inferred   2 Multiplexer(s).
	inferred   1 Finite State Machine(s).
Unit <UART_TX_CTRL> synthesized.

=========================================================================
HDL Synthesis Report

Macro Statistics
# Adders/Subtractors                                   : 4
 14-bit adder                                          : 1
 22-bit adder                                          : 1
 31-bit adder                                          : 2
# Registers                                            : 35
 1-bit register                                        : 4
 10-bit register                                       : 1
 14-bit register                                       : 1
 22-bit register                                       : 1
 31-bit register                                       : 3
 8-bit register                                        : 25
# Comparators                                          : 2
 22-bit comparator greater                             : 1
 31-bit comparator equal                               : 1
# Multiplexers                                         : 3
 1-bit 10-to-1 multiplexer                             : 1
 14-bit 2-to-1 multiplexer                             : 1
 8-bit 25-to-1 multiplexer                             : 1
# FSMs                                                 : 2

=========================================================================

=========================================================================
*                       Advanced HDL Synthesis                          *
=========================================================================

WARNING:Xst:1710 - FF/Latch <txData_0> (without init value) has a constant value of 0 in block <Inst_UART_TX_CTRL>. This FF/Latch will be trimmed during the optimization process.
WARNING:Xst:1710 - FF/Latch <txData_9> (without init value) has a constant value of 1 in block <Inst_UART_TX_CTRL>. This FF/Latch will be trimmed during the optimization process.
WARNING:Xst:1895 - Due to other FF/Latch trimming, FF/Latch <sendStr_16_3> (without init value) has a constant value of 0 in block <GPIO_demo>. This FF/Latch will be trimmed during the optimization process.
WARNING:Xst:1895 - Due to other FF/Latch trimming, FF/Latch <sendStr_16_1> (without init value) has a constant value of 0 in block <GPIO_demo>. This FF/Latch will be trimmed during the optimization process.
WARNING:Xst:1895 - Due to other FF/Latch trimming, FF/Latch <sendStr_13_7> (without init value) has a constant value of 0 in block <GPIO_demo>. This FF/Latch will be trimmed during the optimization process.
WARNING:Xst:1895 - Due to other FF/Latch trimming, FF/Latch <sendStr_13_3> (without init value) has a constant value of 0 in block <GPIO_demo>. This FF/Latch will be trimmed during the optimization process.
WARNING:Xst:1895 - Due to other FF/Latch trimming, FF/Latch <sendStr_13_1> (without init value) has a constant value of 0 in block <GPIO_demo>. This FF/Latch will be trimmed during the optimization process.
WARNING:Xst:1895 - Due to other FF/Latch trimming, FF/Latch <sendStr_13_0> (without init value) has a constant value of 0 in block <GPIO_demo>. This FF/Latch will be trimmed during the optimization process.
WARNING:Xst:1895 - Due to other FF/Latch trimming, FF/Latch <sendStr_12_7> (without init value) has a constant value of 0 in block <GPIO_demo>. This FF/Latch will be trimmed during the optimization process.
WARNING:Xst:1895 - Due to other FF/Latch trimming, FF/Latch <sendStr_12_3> (without init value) has a constant value of 0 in block <GPIO_demo>. This FF/Latch will be trimmed during the optimization process.
WARNING:Xst:1895 - Due to other FF/Latch trimming, FF/Latch <sendStr_12_2> (without init value) has a constant value of 0 in block <GPIO_demo>. This FF/Latch will be trimmed during the optimization process.
WARNING:Xst:1895 - Due to other FF/Latch trimming, FF/Latch <sendStr_12_0> (without init value) has a constant value of 0 in block <GPIO_demo>. This FF/Latch will be trimmed during the optimization process.
WARNING:Xst:1895 - Due to other FF/Latch trimming, FF/Latch <sendStr_11_7> (without init value) has a constant value of 0 in block <GPIO_demo>. This FF/Latch will be trimmed during the optimization process.
WARNING:Xst:1895 - Due to other FF/Latch trimming, FF/Latch <sendStr_11_3> (without init value) has a constant value of 0 in block <GPIO_demo>. This FF/Latch will be trimmed during the optimization process.
WARNING:Xst:1895 - Due to other FF/Latch trimming, FF/Latch <sendStr_11_2> (without init value) has a constant value of 0 in block <GPIO_demo>. This FF/Latch will be trimmed during the optimization process.
WARNING:Xst:1895 - Due to other FF/Latch trimming, FF/Latch <sendStr_10_7> (without init value) has a constant value of 0 in block <GPIO_demo>. This FF/Latch will be trimmed during the optimization process.
WARNING:Xst:1895 - Due to other FF/Latch trimming, FF/Latch <sendStr_10_3> (without init value) has a constant value of 0 in block <GPIO_demo>. This FF/Latch will be trimmed during the optimization process.
WARNING:Xst:1895 - Due to other FF/Latch trimming, FF/Latch <sendStr_9_7> (without init value) has a constant value of 0 in block <GPIO_demo>. This FF/Latch will be trimmed during the optimization process.
WARNING:Xst:1895 - Due to other FF/Latch trimming, FF/Latch <sendStr_9_4> (without init value) has a constant value of 0 in block <GPIO_demo>. This FF/Latch will be trimmed during the optimization process.
WARNING:Xst:1895 - Due to other FF/Latch trimming, FF/Latch <sendStr_9_3> (without init value) has a constant value of 0 in block <GPIO_demo>. This FF/Latch will be trimmed during the optimization process.
WARNING:Xst:1895 - Due to other FF/Latch trimming, FF/Latch <sendStr_9_1> (without init value) has a constant value of 0 in block <GPIO_demo>. This FF/Latch will be trimmed during the optimization process.
WARNING:Xst:1895 - Due to other FF/Latch trimming, FF/Latch <sendStr_8_7> (without init value) has a constant value of 0 in block <GPIO_demo>. This FF/Latch will be trimmed during the optimization process.
WARNING:Xst:1895 - Due to other FF/Latch trimming, FF/Latch <sendStr_8_3> (without init value) has a constant value of 0 in block <GPIO_demo>. This FF/Latch will be trimmed during the optimization process.
WARNING:Xst:1895 - Due to other FF/Latch trimming, FF/Latch <sendStr_8_2> (without init value) has a constant value of 0 in block <GPIO_demo>. This FF/Latch will be trimmed during the optimization process.
WARNING:Xst:1895 - Due to other FF/Latch trimming, FF/Latch <sendStr_8_0> (without init value) has a constant value of 0 in block <GPIO_demo>. This FF/Latch will be trimmed during the optimization process.
WARNING:Xst:1895 - Due to other FF/Latch trimming, FF/Latch <sendStr_6_7> (without init value) has a constant value of 0 in block <GPIO_demo>. This FF/Latch will be trimmed during the optimization process.
WARNING:Xst:1895 - Due to other FF/Latch trimming, FF/Latch <sendStr_6_4> (without init value) has a constant value of 0 in block <GPIO_demo>. This FF/Latch will be trimmed during the optimization process.
WARNING:Xst:1895 - Due to other FF/Latch trimming, FF/Latch <sendStr_6_3> (without init value) has a constant value of 0 in block <GPIO_demo>. This FF/Latch will be trimmed during the optimization process.
WARNING:Xst:1895 - Due to other FF/Latch trimming, FF/Latch <sendStr_6_2> (without init value) has a constant value of 0 in block <GPIO_demo>. This FF/Latch will be trimmed during the optimization process.
WARNING:Xst:1895 - Due to other FF/Latch trimming, FF/Latch <sendStr_6_0> (without init value) has a constant value of 0 in block <GPIO_demo>. This FF/Latch will be trimmed during the optimization process.
WARNING:Xst:1895 - Due to other FF/Latch trimming, FF/Latch <sendStr_22_7> (without init value) has a constant value of 0 in block <GPIO_demo>. This FF/Latch will be trimmed during the optimization process.
WARNING:Xst:1895 - Due to other FF/Latch trimming, FF/Latch <sendStr_22_6> (without init value) has a constant value of 0 in block <GPIO_demo>. This FF/Latch will be trimmed during the optimization process.
WARNING:Xst:1895 - Due to other FF/Latch trimming, FF/Latch <sendStr_22_5> (without init value) has a constant value of 0 in block <GPIO_demo>. This FF/Latch will be trimmed during the optimization process.
WARNING:Xst:1895 - Due to other FF/Latch trimming, FF/Latch <sendStr_22_4> (without init value) has a constant value of 0 in block <GPIO_demo>. This FF/Latch will be trimmed during the optimization process.
WARNING:Xst:1895 - Due to other FF/Latch trimming, FF/Latch <sendStr_21_7> (without init value) has a constant value of 0 in block <GPIO_demo>. This FF/Latch will be trimmed during the optimization process.
WARNING:Xst:1895 - Due to other FF/Latch trimming, FF/Latch <sendStr_21_6> (without init value) has a constant value of 0 in block <GPIO_demo>. This FF/Latch will be trimmed during the optimization process.
WARNING:Xst:1895 - Due to other FF/Latch trimming, FF/Latch <sendStr_21_4> (without init value) has a constant value of 0 in block <GPIO_demo>. This FF/Latch will be trimmed during the optimization process.
WARNING:Xst:1895 - Due to other FF/Latch trimming, FF/Latch <sendStr_21_2> (without init value) has a constant value of 0 in block <GPIO_demo>. This FF/Latch will be trimmed during the optimization process.
WARNING:Xst:1895 - Due to other FF/Latch trimming, FF/Latch <sendStr_20_7> (without init value) has a constant value of 0 in block <GPIO_demo>. This FF/Latch will be trimmed during the optimization process.
WARNING:Xst:1895 - Due to other FF/Latch trimming, FF/Latch <sendStr_20_4> (without init value) has a constant value of 0 in block <GPIO_demo>. This FF/Latch will be trimmed during the optimization process.
WARNING:Xst:1895 - Due to other FF/Latch trimming, FF/Latch <sendStr_20_0> (without init value) has a constant value of 0 in block <GPIO_demo>. This FF/Latch will be trimmed during the optimization process.
WARNING:Xst:1895 - Due to other FF/Latch trimming, FF/Latch <sendStr_19_7> (without init value) has a constant value of 0 in block <GPIO_demo>. This FF/Latch will be trimmed during the optimization process.
WARNING:Xst:1895 - Due to other FF/Latch trimming, FF/Latch <sendStr_19_4> (without init value) has a constant value of 0 in block <GPIO_demo>. This FF/Latch will be trimmed during the optimization process.
WARNING:Xst:1895 - Due to other FF/Latch trimming, FF/Latch <sendStr_19_3> (without init value) has a constant value of 0 in block <GPIO_demo>. This FF/Latch will be trimmed during the optimization process.
WARNING:Xst:1895 - Due to other FF/Latch trimming, FF/Latch <sendStr_19_1> (without init value) has a constant value of 0 in block <GPIO_demo>. This FF/Latch will be trimmed during the optimization process.
WARNING:Xst:1895 - Due to other FF/Latch trimming, FF/Latch <sendStr_18_7> (without init value) has a constant value of 0 in block <GPIO_demo>. This FF/Latch will be trimmed during the optimization process.
WARNING:Xst:1895 - Due to other FF/Latch trimming, FF/Latch <sendStr_17_7> (without init value) has a constant value of 0 in block <GPIO_demo>. This FF/Latch will be trimmed during the optimization process.
WARNING:Xst:1895 - Due to other FF/Latch trimming, FF/Latch <sendStr_17_4> (without init value) has a constant value of 0 in block <GPIO_demo>. This FF/Latch will be trimmed during the optimization process.
WARNING:Xst:1895 - Due to other FF/Latch trimming, FF/Latch <sendStr_15_7> (without init value) has a constant value of 0 in block <GPIO_demo>. This FF/Latch will be trimmed during the optimization process.
WARNING:Xst:1895 - Due to other FF/Latch trimming, FF/Latch <sendStr_15_3> (without init value) has a constant value of 0 in block <GPIO_demo>. This FF/Latch will be trimmed during the optimization process.
WARNING:Xst:1895 - Due to other FF/Latch trimming, FF/Latch <sendStr_15_1> (without init value) has a constant value of 0 in block <GPIO_demo>. This FF/Latch will be trimmed during the optimization process.
WARNING:Xst:1895 - Due to other FF/Latch trimming, FF/Latch <sendStr_15_0> (without init value) has a constant value of 0 in block <GPIO_demo>. This FF/Latch will be trimmed during the optimization process.
WARNING:Xst:1895 - Due to other FF/Latch trimming, FF/Latch <sendStr_14_7> (without init value) has a constant value of 0 in block <GPIO_demo>. This FF/Latch will be trimmed during the optimization process.
WARNING:Xst:1895 - Due to other FF/Latch trimming, FF/Latch <sendStr_14_4> (without init value) has a constant value of 0 in block <GPIO_demo>. This FF/Latch will be trimmed during the optimization process.
WARNING:Xst:1895 - Due to other FF/Latch trimming, FF/Latch <sendStr_14_3> (without init value) has a constant value of 0 in block <GPIO_demo>. This FF/Latch will be trimmed during the optimization process.
WARNING:Xst:1895 - Due to other FF/Latch trimming, FF/Latch <sendStr_14_1> (without init value) has a constant value of 0 in block <GPIO_demo>. This FF/Latch will be trimmed during the optimization process.
WARNING:Xst:1895 - Due to other FF/Latch trimming, FF/Latch <sendStr_16_7> (without init value) has a constant value of 0 in block <GPIO_demo>. This FF/Latch will be trimmed during the optimization process.
WARNING:Xst:1895 - Due to other FF/Latch trimming, FF/Latch <sendStr_16_4> (without init value) has a constant value of 0 in block <GPIO_demo>. This FF/Latch will be trimmed during the optimization process.
WARNING:Xst:1896 - Due to other FF/Latch trimming, FF/Latch <strEnd_24> has a constant value of 0 in block <GPIO_demo>. This FF/Latch will be trimmed during the optimization process.
WARNING:Xst:1896 - Due to other FF/Latch trimming, FF/Latch <strEnd_23> has a constant value of 0 in block <GPIO_demo>. This FF/Latch will be trimmed during the optimization process.
WARNING:Xst:1896 - Due to other FF/Latch trimming, FF/Latch <strEnd_22> has a constant value of 0 in block <GPIO_demo>. This FF/Latch will be trimmed during the optimization process.
WARNING:Xst:1896 - Due to other FF/Latch trimming, FF/Latch <strEnd_21> has a constant value of 0 in block <GPIO_demo>. This FF/Latch will be trimmed during the optimization process.
WARNING:Xst:1896 - Due to other FF/Latch trimming, FF/Latch <strEnd_20> has a constant value of 0 in block <GPIO_demo>. This FF/Latch will be trimmed during the optimization process.
WARNING:Xst:1896 - Due to other FF/Latch trimming, FF/Latch <strEnd_19> has a constant value of 0 in block <GPIO_demo>. This FF/Latch will be trimmed during the optimization process.
WARNING:Xst:1896 - Due to other FF/Latch trimming, FF/Latch <strEnd_18> has a constant value of 0 in block <GPIO_demo>. This FF/Latch will be trimmed during the optimization process.
WARNING:Xst:1896 - Due to other FF/Latch trimming, FF/Latch <strEnd_17> has a constant value of 0 in block <GPIO_demo>. This FF/Latch will be trimmed during the optimization process.
WARNING:Xst:1896 - Due to other FF/Latch trimming, FF/Latch <strEnd_16> has a constant value of 0 in block <GPIO_demo>. This FF/Latch will be trimmed during the optimization process.
WARNING:Xst:1896 - Due to other FF/Latch trimming, FF/Latch <strEnd_15> has a constant value of 0 in block <GPIO_demo>. This FF/Latch will be trimmed during the optimization process.
WARNING:Xst:1896 - Due to other FF/Latch trimming, FF/Latch <strEnd_14> has a constant value of 0 in block <GPIO_demo>. This FF/Latch will be trimmed during the optimization process.
WARNING:Xst:1896 - Due to other FF/Latch trimming, FF/Latch <strEnd_13> has a constant value of 0 in block <GPIO_demo>. This FF/Latch will be trimmed during the optimization process.
WARNING:Xst:1896 - Due to other FF/Latch trimming, FF/Latch <strEnd_12> has a constant value of 0 in block <GPIO_demo>. This FF/Latch will be trimmed during the optimization process.
WARNING:Xst:1896 - Due to other FF/Latch trimming, FF/Latch <strEnd_11> has a constant value of 0 in block <GPIO_demo>. This FF/Latch will be trimmed during the optimization process.
WARNING:Xst:1896 - Due to other FF/Latch trimming, FF/Latch <strEnd_10> has a constant value of 0 in block <GPIO_demo>. This FF/Latch will be trimmed during the optimization process.
WARNING:Xst:1896 - Due to other FF/Latch trimming, FF/Latch <strEnd_9> has a constant value of 0 in block <GPIO_demo>. This FF/Latch will be trimmed during the optimization process.
WARNING:Xst:1896 - Due to other FF/Latch trimming, FF/Latch <strEnd_8> has a constant value of 0 in block <GPIO_demo>. This FF/Latch will be trimmed during the optimization process.
WARNING:Xst:1896 - Due to other FF/Latch trimming, FF/Latch <strEnd_7> has a constant value of 0 in block <GPIO_demo>. This FF/Latch will be trimmed during the optimization process.
WARNING:Xst:1896 - Due to other FF/Latch trimming, FF/Latch <strEnd_6> has a constant value of 0 in block <GPIO_demo>. This FF/Latch will be trimmed during the optimization process.
WARNING:Xst:1896 - Due to other FF/Latch trimming, FF/Latch <strEnd_5> has a constant value of 0 in block <GPIO_demo>. This FF/Latch will be trimmed during the optimization process.
WARNING:Xst:1895 - Due to other FF/Latch trimming, FF/Latch <sendStr_23_7> (without init value) has a constant value of 0 in block <GPIO_demo>. This FF/Latch will be trimmed during the optimization process.
WARNING:Xst:1895 - Due to other FF/Latch trimming, FF/Latch <sendStr_23_6> (without init value) has a constant value of 0 in block <GPIO_demo>. This FF/Latch will be trimmed during the optimization process.
WARNING:Xst:1895 - Due to other FF/Latch trimming, FF/Latch <sendStr_23_5> (without init value) has a constant value of 0 in block <GPIO_demo>. This FF/Latch will be trimmed during the optimization process.
WARNING:Xst:1895 - Due to other FF/Latch trimming, FF/Latch <sendStr_23_4> (without init value) has a constant value of 0 in block <GPIO_demo>. This FF/Latch will be trimmed during the optimization process.
WARNING:Xst:1895 - Due to other FF/Latch trimming, FF/Latch <sendStr_23_3> (without init value) has a constant value of 1 in block <GPIO_demo>. This FF/Latch will be trimmed during the optimization process.
WARNING:Xst:1895 - Due to other FF/Latch trimming, FF/Latch <sendStr_23_2> (without init value) has a constant value of 1 in block <GPIO_demo>. This FF/Latch will be trimmed during the optimization process.
WARNING:Xst:1895 - Due to other FF/Latch trimming, FF/Latch <sendStr_23_1> (without init value) has a constant value of 0 in block <GPIO_demo>. This FF/Latch will be trimmed during the optimization process.
WARNING:Xst:1895 - Due to other FF/Latch trimming, FF/Latch <sendStr_23_0> (without init value) has a constant value of 1 in block <GPIO_demo>. This FF/Latch will be trimmed during the optimization process.
WARNING:Xst:1895 - Due to other FF/Latch trimming, FF/Latch <sendStr_5_7> (without init value) has a constant value of 0 in block <GPIO_demo>. This FF/Latch will be trimmed during the optimization process.
WARNING:Xst:1895 - Due to other FF/Latch trimming, FF/Latch <sendStr_5_4> (without init value) has a constant value of 0 in block <GPIO_demo>. This FF/Latch will be trimmed during the optimization process.
WARNING:Xst:1895 - Due to other FF/Latch trimming, FF/Latch <sendStr_5_0> (without init value) has a constant value of 0 in block <GPIO_demo>. This FF/Latch will be trimmed during the optimization process.
WARNING:Xst:1895 - Due to other FF/Latch trimming, FF/Latch <sendStr_7_7> (without init value) has a constant value of 0 in block <GPIO_demo>. This FF/Latch will be trimmed during the optimization process.
WARNING:Xst:1895 - Due to other FF/Latch trimming, FF/Latch <sendStr_7_3> (without init value) has a constant value of 0 in block <GPIO_demo>. This FF/Latch will be trimmed during the optimization process.
WARNING:Xst:1895 - Due to other FF/Latch trimming, FF/Latch <sendStr_7_1> (without init value) has a constant value of 0 in block <GPIO_demo>. This FF/Latch will be trimmed during the optimization process.
WARNING:Xst:1895 - Due to other FF/Latch trimming, FF/Latch <sendStr_7_0> (without init value) has a constant value of 0 in block <GPIO_demo>. This FF/Latch will be trimmed during the optimization process.
WARNING:Xst:1895 - Due to other FF/Latch trimming, FF/Latch <sendStr_4_7> (without init value) has a constant value of 0 in block <GPIO_demo>. This FF/Latch will be trimmed during the optimization process.
WARNING:Xst:1895 - Due to other FF/Latch trimming, FF/Latch <sendStr_4_4> (without init value) has a constant value of 0 in block <GPIO_demo>. This FF/Latch will be trimmed during the optimization process.
WARNING:Xst:1895 - Due to other FF/Latch trimming, FF/Latch <sendStr_3_7> (without init value) has a constant value of 0 in block <GPIO_demo>. This FF/Latch will be trimmed during the optimization process.
WARNING:Xst:1895 - Due to other FF/Latch trimming, FF/Latch <sendStr_3_1> (without init value) has a constant value of 0 in block <GPIO_demo>. This FF/Latch will be trimmed during the optimization process.
WARNING:Xst:1895 - Due to other FF/Latch trimming, FF/Latch <sendStr_1_7> (without init value) has a constant value of 0 in block <GPIO_demo>. This FF/Latch will be trimmed during the optimization process.
WARNING:Xst:1895 - Due to other FF/Latch trimming, FF/Latch <sendStr_1_1> (without init value) has a constant value of 0 in block <GPIO_demo>. This FF/Latch will be trimmed during the optimization process.
WARNING:Xst:1895 - Due to other FF/Latch trimming, FF/Latch <sendStr_0_7> (without init value) has a constant value of 0 in block <GPIO_demo>. This FF/Latch will be trimmed during the optimization process.
WARNING:Xst:1895 - Due to other FF/Latch trimming, FF/Latch <sendStr_0_5> (without init value) has a constant value of 0 in block <GPIO_demo>. This FF/Latch will be trimmed during the optimization process.
WARNING:Xst:1895 - Due to other FF/Latch trimming, FF/Latch <sendStr_0_4> (without init value) has a constant value of 0 in block <GPIO_demo>. This FF/Latch will be trimmed during the optimization process.
WARNING:Xst:1895 - Due to other FF/Latch trimming, FF/Latch <sendStr_0_2> (without init value) has a constant value of 0 in block <GPIO_demo>. This FF/Latch will be trimmed during the optimization process.
WARNING:Xst:1895 - Due to other FF/Latch trimming, FF/Latch <sendStr_0_0> (without init value) has a constant value of 0 in block <GPIO_demo>. This FF/Latch will be trimmed during the optimization process.
WARNING:Xst:1895 - Due to other FF/Latch trimming, FF/Latch <sendStr_2_7> (without init value) has a constant value of 0 in block <GPIO_demo>. This FF/Latch will be trimmed during the optimization process.
WARNING:Xst:1895 - Due to other FF/Latch trimming, FF/Latch <sendStr_2_3> (without init value) has a constant value of 0 in block <GPIO_demo>. This FF/Latch will be trimmed during the optimization process.
WARNING:Xst:1895 - Due to other FF/Latch trimming, FF/Latch <sendStr_2_1> (without init value) has a constant value of 0 in block <GPIO_demo>. This FF/Latch will be trimmed during the optimization process.
WARNING:Xst:1895 - Due to other FF/Latch trimming, FF/Latch <sendStr_2_0> (without init value) has a constant value of 0 in block <GPIO_demo>. This FF/Latch will be trimmed during the optimization process.
WARNING:Xst:1896 - Due to other FF/Latch trimming, FF/Latch <strEnd_30> has a constant value of 0 in block <GPIO_demo>. This FF/Latch will be trimmed during the optimization process.
WARNING:Xst:1896 - Due to other FF/Latch trimming, FF/Latch <strEnd_29> has a constant value of 0 in block <GPIO_demo>. This FF/Latch will be trimmed during the optimization process.
WARNING:Xst:1896 - Due to other FF/Latch trimming, FF/Latch <strEnd_28> has a constant value of 0 in block <GPIO_demo>. This FF/Latch will be trimmed during the optimization process.
WARNING:Xst:1896 - Due to other FF/Latch trimming, FF/Latch <strEnd_27> has a constant value of 0 in block <GPIO_demo>. This FF/Latch will be trimmed during the optimization process.
WARNING:Xst:1896 - Due to other FF/Latch trimming, FF/Latch <strEnd_26> has a constant value of 0 in block <GPIO_demo>. This FF/Latch will be trimmed during the optimization process.
WARNING:Xst:1896 - Due to other FF/Latch trimming, FF/Latch <strEnd_25> has a constant value of 0 in block <GPIO_demo>. This FF/Latch will be trimmed during the optimization process.
WARNING:Xst:2404 -  FFs/Latches <sendStr_0<7:7>> (without init value) have a constant value of 0 in block <GPIO_demo>.
WARNING:Xst:2404 -  FFs/Latches <sendStr_1<7:7>> (without init value) have a constant value of 0 in block <GPIO_demo>.
WARNING:Xst:2404 -  FFs/Latches <sendStr_2<7:7>> (without init value) have a constant value of 0 in block <GPIO_demo>.
WARNING:Xst:2404 -  FFs/Latches <sendStr_3<7:7>> (without init value) have a constant value of 0 in block <GPIO_demo>.
WARNING:Xst:2404 -  FFs/Latches <sendStr_5<7:7>> (without init value) have a constant value of 0 in block <GPIO_demo>.
WARNING:Xst:2404 -  FFs/Latches <sendStr_4<7:7>> (without init value) have a constant value of 0 in block <GPIO_demo>.
WARNING:Xst:2404 -  FFs/Latches <sendStr_6<7:7>> (without init value) have a constant value of 0 in block <GPIO_demo>.
WARNING:Xst:2404 -  FFs/Latches <sendStr_7<7:7>> (without init value) have a constant value of 0 in block <GPIO_demo>.
WARNING:Xst:2404 -  FFs/Latches <sendStr_8<7:7>> (without init value) have a constant value of 0 in block <GPIO_demo>.
WARNING:Xst:2404 -  FFs/Latches <sendStr_9<7:7>> (without init value) have a constant value of 0 in block <GPIO_demo>.
WARNING:Xst:2404 -  FFs/Latches <sendStr_10<7:7>> (without init value) have a constant value of 0 in block <GPIO_demo>.
WARNING:Xst:2404 -  FFs/Latches <sendStr_11<7:7>> (without init value) have a constant value of 0 in block <GPIO_demo>.
WARNING:Xst:2404 -  FFs/Latches <sendStr_12<7:7>> (without init value) have a constant value of 0 in block <GPIO_demo>.
WARNING:Xst:2404 -  FFs/Latches <sendStr_14<7:7>> (without init value) have a constant value of 0 in block <GPIO_demo>.
WARNING:Xst:2404 -  FFs/Latches <sendStr_13<7:7>> (without init value) have a constant value of 0 in block <GPIO_demo>.
WARNING:Xst:2404 -  FFs/Latches <sendStr_15<7:7>> (without init value) have a constant value of 0 in block <GPIO_demo>.
WARNING:Xst:2404 -  FFs/Latches <sendStr_16<7:7>> (without init value) have a constant value of 0 in block <GPIO_demo>.
WARNING:Xst:2404 -  FFs/Latches <sendStr_17<7:7>> (without init value) have a constant value of 0 in block <GPIO_demo>.
WARNING:Xst:2404 -  FFs/Latches <sendStr_19<7:7>> (without init value) have a constant value of 0 in block <GPIO_demo>.
WARNING:Xst:2404 -  FFs/Latches <sendStr_18<7:7>> (without init value) have a constant value of 0 in block <GPIO_demo>.
WARNING:Xst:2404 -  FFs/Latches <sendStr_20<7:7>> (without init value) have a constant value of 0 in block <GPIO_demo>.
WARNING:Xst:2404 -  FFs/Latches <sendStr_21<7:6>> (without init value) have a constant value of 0 in block <GPIO_demo>.
WARNING:Xst:2404 -  FFs/Latches <sendStr_22<7:4>> (without init value) have a constant value of 0 in block <GPIO_demo>.
WARNING:Xst:2404 -  FFs/Latches <sendStr_23<7:4>> (without init value) have a constant value of 0 in block <GPIO_demo>.

Synthesizing (advanced) Unit <GPIO_demo>.
The following registers are absorbed into counter <blinkCounter>: 1 register on signal <blinkCounter>.
The following registers are absorbed into counter <strIndex>: 1 register on signal <strIndex>.
Unit <GPIO_demo> synthesized (advanced).

Synthesizing (advanced) Unit <UART_TX_CTRL>.
The following registers are absorbed into counter <bitTmr>: 1 register on signal <bitTmr>.
The following registers are absorbed into counter <bitIndex>: 1 register on signal <bitIndex>.
Unit <UART_TX_CTRL> synthesized (advanced).

=========================================================================
Advanced HDL Synthesis Report

Macro Statistics
# Counters                                             : 4
 14-bit up counter                                     : 1
 22-bit up counter                                     : 1
 31-bit up counter                                     : 2
# Registers                                            : 214
 Flip-Flops                                            : 214
# Comparators                                          : 2
 22-bit comparator greater                             : 1
 31-bit comparator equal                               : 1
# Multiplexers                                         : 2
 1-bit 10-to-1 multiplexer                             : 1
 8-bit 25-to-1 multiplexer                             : 1
# FSMs                                                 : 2

=========================================================================

=========================================================================
*                         Low Level Synthesis                           *
=========================================================================
WARNING:Xst:1710 - FF/Latch <txData_0> (without init value) has a constant value of 0 in block <UART_TX_CTRL>. This FF/Latch will be trimmed during the optimization process.
WARNING:Xst:1895 - Due to other FF/Latch trimming, FF/Latch <txData_9> (without init value) has a constant value of 1 in block <UART_TX_CTRL>. This FF/Latch will be trimmed during the optimization process.
WARNING:Xst:1710 - FF/Latch <sendStr_13_0> (without init value) has a constant value of 0 in block <GPIO_demo>. This FF/Latch will be trimmed during the optimization process.
WARNING:Xst:1895 - Due to other FF/Latch trimming, FF/Latch <sendStr_14_4> (without init value) has a constant value of 0 in block <GPIO_demo>. This FF/Latch will be trimmed during the optimization process.
WARNING:Xst:1895 - Due to other FF/Latch trimming, FF/Latch <sendStr_14_3> (without init value) has a constant value of 0 in block <GPIO_demo>. This FF/Latch will be trimmed during the optimization process.
WARNING:Xst:1895 - Due to other FF/Latch trimming, FF/Latch <sendStr_14_1> (without init value) has a constant value of 0 in block <GPIO_demo>. This FF/Latch will be trimmed during the optimization process.
WARNING:Xst:1895 - Due to other FF/Latch trimming, FF/Latch <sendStr_12_3> (without init value) has a constant value of 0 in block <GPIO_demo>. This FF/Latch will be trimmed during the optimization process.
WARNING:Xst:1895 - Due to other FF/Latch trimming, FF/Latch <sendStr_12_2> (without init value) has a constant value of 0 in block <GPIO_demo>. This FF/Latch will be trimmed during the optimization process.
WARNING:Xst:1895 - Due to other FF/Latch trimming, FF/Latch <sendStr_12_0> (without init value) has a constant value of 0 in block <GPIO_demo>. This FF/Latch will be trimmed during the optimization process.
WARNING:Xst:1895 - Due to other FF/Latch trimming, FF/Latch <sendStr_11_3> (without init value) has a constant value of 0 in block <GPIO_demo>. This FF/Latch will be trimmed during the optimization process.
WARNING:Xst:1895 - Due to other FF/Latch trimming, FF/Latch <sendStr_11_2> (without init value) has a constant value of 0 in block <GPIO_demo>. This FF/Latch will be trimmed during the optimization process.
WARNING:Xst:1895 - Due to other FF/Latch trimming, FF/Latch <sendStr_9_4> (without init value) has a constant value of 0 in block <GPIO_demo>. This FF/Latch will be trimmed during the optimization process.
WARNING:Xst:1895 - Due to other FF/Latch trimming, FF/Latch <sendStr_9_3> (without init value) has a constant value of 0 in block <GPIO_demo>. This FF/Latch will be trimmed during the optimization process.
WARNING:Xst:1895 - Due to other FF/Latch trimming, FF/Latch <sendStr_9_1> (without init value) has a constant value of 0 in block <GPIO_demo>. This FF/Latch will be trimmed during the optimization process.
WARNING:Xst:1895 - Due to other FF/Latch trimming, FF/Latch <sendStr_8_3> (without init value) has a constant value of 0 in block <GPIO_demo>. This FF/Latch will be trimmed during the optimization process.
WARNING:Xst:1895 - Due to other FF/Latch trimming, FF/Latch <sendStr_8_2> (without init value) has a constant value of 0 in block <GPIO_demo>. This FF/Latch will be trimmed during the optimization process.
WARNING:Xst:1895 - Due to other FF/Latch trimming, FF/Latch <sendStr_8_0> (without init value) has a constant value of 0 in block <GPIO_demo>. This FF/Latch will be trimmed during the optimization process.
WARNING:Xst:1895 - Due to other FF/Latch trimming, FF/Latch <sendStr_10_3> (without init value) has a constant value of 0 in block <GPIO_demo>. This FF/Latch will be trimmed during the optimization process.
WARNING:Xst:1895 - Due to other FF/Latch trimming, FF/Latch <sendStr_7_3> (without init value) has a constant value of 0 in block <GPIO_demo>. This FF/Latch will be trimmed during the optimization process.
WARNING:Xst:1895 - Due to other FF/Latch trimming, FF/Latch <sendStr_7_1> (without init value) has a constant value of 0 in block <GPIO_demo>. This FF/Latch will be trimmed during the optimization process.
WARNING:Xst:1895 - Due to other FF/Latch trimming, FF/Latch <sendStr_7_0> (without init value) has a constant value of 0 in block <GPIO_demo>. This FF/Latch will be trimmed during the optimization process.
WARNING:Xst:1895 - Due to other FF/Latch trimming, FF/Latch <sendStr_6_4> (without init value) has a constant value of 0 in block <GPIO_demo>. This FF/Latch will be trimmed during the optimization process.
WARNING:Xst:1895 - Due to other FF/Latch trimming, FF/Latch <sendStr_23_3> (without init value) has a constant value of 1 in block <GPIO_demo>. This FF/Latch will be trimmed during the optimization process.
WARNING:Xst:1895 - Due to other FF/Latch trimming, FF/Latch <sendStr_23_2> (without init value) has a constant value of 1 in block <GPIO_demo>. This FF/Latch will be trimmed during the optimization process.
WARNING:Xst:1895 - Due to other FF/Latch trimming, FF/Latch <sendStr_23_1> (without init value) has a constant value of 0 in block <GPIO_demo>. This FF/Latch will be trimmed during the optimization process.
WARNING:Xst:1895 - Due to other FF/Latch trimming, FF/Latch <sendStr_23_0> (without init value) has a constant value of 1 in block <GPIO_demo>. This FF/Latch will be trimmed during the optimization process.
WARNING:Xst:1895 - Due to other FF/Latch trimming, FF/Latch <sendStr_21_4> (without init value) has a constant value of 0 in block <GPIO_demo>. This FF/Latch will be trimmed during the optimization process.
WARNING:Xst:1895 - Due to other FF/Latch trimming, FF/Latch <sendStr_21_2> (without init value) has a constant value of 0 in block <GPIO_demo>. This FF/Latch will be trimmed during the optimization process.
WARNING:Xst:1895 - Due to other FF/Latch trimming, FF/Latch <sendStr_20_4> (without init value) has a constant value of 0 in block <GPIO_demo>. This FF/Latch will be trimmed during the optimization process.
WARNING:Xst:1895 - Due to other FF/Latch trimming, FF/Latch <sendStr_20_0> (without init value) has a constant value of 0 in block <GPIO_demo>. This FF/Latch will be trimmed during the optimization process.
WARNING:Xst:1895 - Due to other FF/Latch trimming, FF/Latch <sendStr_19_4> (without init value) has a constant value of 0 in block <GPIO_demo>. This FF/Latch will be trimmed during the optimization process.
WARNING:Xst:1895 - Due to other FF/Latch trimming, FF/Latch <sendStr_19_3> (without init value) has a constant value of 0 in block <GPIO_demo>. This FF/Latch will be trimmed during the optimization process.
WARNING:Xst:1895 - Due to other FF/Latch trimming, FF/Latch <sendStr_19_1> (without init value) has a constant value of 0 in block <GPIO_demo>. This FF/Latch will be trimmed during the optimization process.
WARNING:Xst:1895 - Due to other FF/Latch trimming, FF/Latch <sendStr_17_4> (without init value) has a constant value of 0 in block <GPIO_demo>. This FF/Latch will be trimmed during the optimization process.
WARNING:Xst:1895 - Due to other FF/Latch trimming, FF/Latch <sendStr_16_4> (without init value) has a constant value of 0 in block <GPIO_demo>. This FF/Latch will be trimmed during the optimization process.
WARNING:Xst:1895 - Due to other FF/Latch trimming, FF/Latch <sendStr_16_3> (without init value) has a constant value of 0 in block <GPIO_demo>. This FF/Latch will be trimmed during the optimization process.
WARNING:Xst:1895 - Due to other FF/Latch trimming, FF/Latch <sendStr_16_1> (without init value) has a constant value of 0 in block <GPIO_demo>. This FF/Latch will be trimmed during the optimization process.
WARNING:Xst:1895 - Due to other FF/Latch trimming, FF/Latch <sendStr_15_3> (without init value) has a constant value of 0 in block <GPIO_demo>. This FF/Latch will be trimmed during the optimization process.
WARNING:Xst:1895 - Due to other FF/Latch trimming, FF/Latch <sendStr_15_1> (without init value) has a constant value of 0 in block <GPIO_demo>. This FF/Latch will be trimmed during the optimization process.
WARNING:Xst:1895 - Due to other FF/Latch trimming, FF/Latch <sendStr_15_0> (without init value) has a constant value of 0 in block <GPIO_demo>. This FF/Latch will be trimmed during the optimization process.
WARNING:Xst:1895 - Due to other FF/Latch trimming, FF/Latch <sendStr_13_3> (without init value) has a constant value of 0 in block <GPIO_demo>. This FF/Latch will be trimmed during the optimization process.
WARNING:Xst:1895 - Due to other FF/Latch trimming, FF/Latch <sendStr_13_1> (without init value) has a constant value of 0 in block <GPIO_demo>. This FF/Latch will be trimmed during the optimization process.
WARNING:Xst:1896 - Due to other FF/Latch trimming, FF/Latch <strEnd_24> has a constant value of 0 in block <GPIO_demo>. This FF/Latch will be trimmed during the optimization process.
WARNING:Xst:1896 - Due to other FF/Latch trimming, FF/Latch <strEnd_23> has a constant value of 0 in block <GPIO_demo>. This FF/Latch will be trimmed during the optimization process.
WARNING:Xst:1896 - Due to other FF/Latch trimming, FF/Latch <strEnd_22> has a constant value of 0 in block <GPIO_demo>. This FF/Latch will be trimmed during the optimization process.
WARNING:Xst:1896 - Due to other FF/Latch trimming, FF/Latch <strEnd_21> has a constant value of 0 in block <GPIO_demo>. This FF/Latch will be trimmed during the optimization process.
WARNING:Xst:1896 - Due to other FF/Latch trimming, FF/Latch <strEnd_20> has a constant value of 0 in block <GPIO_demo>. This FF/Latch will be trimmed during the optimization process.
WARNING:Xst:1896 - Due to other FF/Latch trimming, FF/Latch <strEnd_19> has a constant value of 0 in block <GPIO_demo>. This FF/Latch will be trimmed during the optimization process.
WARNING:Xst:1896 - Due to other FF/Latch trimming, FF/Latch <strEnd_18> has a constant value of 0 in block <GPIO_demo>. This FF/Latch will be trimmed during the optimization process.
WARNING:Xst:1896 - Due to other FF/Latch trimming, FF/Latch <strEnd_17> has a constant value of 0 in block <GPIO_demo>. This FF/Latch will be trimmed during the optimization process.
WARNING:Xst:1896 - Due to other FF/Latch trimming, FF/Latch <strEnd_16> has a constant value of 0 in block <GPIO_demo>. This FF/Latch will be trimmed during the optimization process.
WARNING:Xst:1896 - Due to other FF/Latch trimming, FF/Latch <strEnd_15> has a constant value of 0 in block <GPIO_demo>. This FF/Latch will be trimmed during the optimization process.
WARNING:Xst:1896 - Due to other FF/Latch trimming, FF/Latch <strEnd_14> has a constant value of 0 in block <GPIO_demo>. This FF/Latch will be trimmed during the optimization process.
WARNING:Xst:1896 - Due to other FF/Latch trimming, FF/Latch <strEnd_13> has a constant value of 0 in block <GPIO_demo>. This FF/Latch will be trimmed during the optimization process.
WARNING:Xst:1896 - Due to other FF/Latch trimming, FF/Latch <strEnd_12> has a constant value of 0 in block <GPIO_demo>. This FF/Latch will be trimmed during the optimization process.
WARNING:Xst:1896 - Due to other FF/Latch trimming, FF/Latch <strEnd_11> has a constant value of 0 in block <GPIO_demo>. This FF/Latch will be trimmed during the optimization process.
WARNING:Xst:1896 - Due to other FF/Latch trimming, FF/Latch <strEnd_10> has a constant value of 0 in block <GPIO_demo>. This FF/Latch will be trimmed during the optimization process.
WARNING:Xst:1896 - Due to other FF/Latch trimming, FF/Latch <strEnd_9> has a constant value of 0 in block <GPIO_demo>. This FF/Latch will be trimmed during the optimization process.
WARNING:Xst:1896 - Due to other FF/Latch trimming, FF/Latch <strEnd_8> has a constant value of 0 in block <GPIO_demo>. This FF/Latch will be trimmed during the optimization process.
WARNING:Xst:1896 - Due to other FF/Latch trimming, FF/Latch <strEnd_7> has a constant value of 0 in block <GPIO_demo>. This FF/Latch will be trimmed during the optimization process.
WARNING:Xst:1896 - Due to other FF/Latch trimming, FF/Latch <strEnd_6> has a constant value of 0 in block <GPIO_demo>. This FF/Latch will be trimmed during the optimization process.
WARNING:Xst:1896 - Due to other FF/Latch trimming, FF/Latch <strEnd_5> has a constant value of 0 in block <GPIO_demo>. This FF/Latch will be trimmed during the optimization process.
WARNING:Xst:1895 - Due to other FF/Latch trimming, FF/Latch <sendStr_6_3> (without init value) has a constant value of 0 in block <GPIO_demo>. This FF/Latch will be trimmed during the optimization process.
WARNING:Xst:1895 - Due to other FF/Latch trimming, FF/Latch <sendStr_6_2> (without init value) has a constant value of 0 in block <GPIO_demo>. This FF/Latch will be trimmed during the optimization process.
WARNING:Xst:1895 - Due to other FF/Latch trimming, FF/Latch <sendStr_6_0> (without init value) has a constant value of 0 in block <GPIO_demo>. This FF/Latch will be trimmed during the optimization process.
WARNING:Xst:1895 - Due to other FF/Latch trimming, FF/Latch <sendStr_4_4> (without init value) has a constant value of 0 in block <GPIO_demo>. This FF/Latch will be trimmed during the optimization process.
WARNING:Xst:1895 - Due to other FF/Latch trimming, FF/Latch <sendStr_5_4> (without init value) has a constant value of 0 in block <GPIO_demo>. This FF/Latch will be trimmed during the optimization process.
WARNING:Xst:1895 - Due to other FF/Latch trimming, FF/Latch <sendStr_5_0> (without init value) has a constant value of 0 in block <GPIO_demo>. This FF/Latch will be trimmed during the optimization process.
WARNING:Xst:1895 - Due to other FF/Latch trimming, FF/Latch <sendStr_3_1> (without init value) has a constant value of 0 in block <GPIO_demo>. This FF/Latch will be trimmed during the optimization process.
WARNING:Xst:1895 - Due to other FF/Latch trimming, FF/Latch <sendStr_2_3> (without init value) has a constant value of 0 in block <GPIO_demo>. This FF/Latch will be trimmed during the optimization process.
WARNING:Xst:1895 - Due to other FF/Latch trimming, FF/Latch <sendStr_2_1> (without init value) has a constant value of 0 in block <GPIO_demo>. This FF/Latch will be trimmed during the optimization process.
WARNING:Xst:1895 - Due to other FF/Latch trimming, FF/Latch <sendStr_2_0> (without init value) has a constant value of 0 in block <GPIO_demo>. This FF/Latch will be trimmed during the optimization process.
WARNING:Xst:1895 - Due to other FF/Latch trimming, FF/Latch <sendStr_0_5> (without init value) has a constant value of 0 in block <GPIO_demo>. This FF/Latch will be trimmed during the optimization process.
WARNING:Xst:1895 - Due to other FF/Latch trimming, FF/Latch <sendStr_0_4> (without init value) has a constant value of 0 in block <GPIO_demo>. This FF/Latch will be trimmed during the optimization process.
WARNING:Xst:1895 - Due to other FF/Latch trimming, FF/Latch <sendStr_0_2> (without init value) has a constant value of 0 in block <GPIO_demo>. This FF/Latch will be trimmed during the optimization process.
WARNING:Xst:1895 - Due to other FF/Latch trimming, FF/Latch <sendStr_0_0> (without init value) has a constant value of 0 in block <GPIO_demo>. This FF/Latch will be trimmed during the optimization process.
WARNING:Xst:1895 - Due to other FF/Latch trimming, FF/Latch <sendStr_1_1> (without init value) has a constant value of 0 in block <GPIO_demo>. This FF/Latch will be trimmed during the optimization process.
WARNING:Xst:1896 - Due to other FF/Latch trimming, FF/Latch <strEnd_30> has a constant value of 0 in block <GPIO_demo>. This FF/Latch will be trimmed during the optimization process.
WARNING:Xst:1896 - Due to other FF/Latch trimming, FF/Latch <strEnd_29> has a constant value of 0 in block <GPIO_demo>. This FF/Latch will be trimmed during the optimization process.
WARNING:Xst:1896 - Due to other FF/Latch trimming, FF/Latch <strEnd_28> has a constant value of 0 in block <GPIO_demo>. This FF/Latch will be trimmed during the optimization process.
WARNING:Xst:1896 - Due to other FF/Latch trimming, FF/Latch <strEnd_27> has a constant value of 0 in block <GPIO_demo>. This FF/Latch will be trimmed during the optimization process.
WARNING:Xst:1896 - Due to other FF/Latch trimming, FF/Latch <strEnd_26> has a constant value of 0 in block <GPIO_demo>. This FF/Latch will be trimmed during the optimization process.
WARNING:Xst:1896 - Due to other FF/Latch trimming, FF/Latch <strEnd_25> has a constant value of 0 in block <GPIO_demo>. This FF/Latch will be trimmed during the optimization process.
Analyzing FSM <MFsm> for best encoding.
Optimizing FSM <FSM_0> on signal <uartState[1:7]> with one-hot encoding.
-------------------------
 State       | Encoding
-------------------------
 rst_reg     | 0000001
 ld_init_str | 0000010
 send_char   | 0000100
 rdy_low     | 0001000
 wait_rdy    | 0010000
 wait_btn    | 0100000
 ld_btn_str  | 1000000
-------------------------
Analyzing FSM <MFsm> for best encoding.
Optimizing FSM <Inst_UART_TX_CTRL/FSM_1> on signal <txState[1:2]> with user encoding.
----------------------
 State    | Encoding
----------------------
 rdy      | 00
 load_bit | 01
 send_bit | 10
----------------------
WARNING:Xst:1710 - FF/Latch <sendStr_8_4> (without init value) has a constant value of 1 in block <GPIO_demo>. This FF/Latch will be trimmed during the optimization process.
WARNING:Xst:1895 - Due to other FF/Latch trimming, FF/Latch <sendStr_8_5> (without init value) has a constant value of 1 in block <GPIO_demo>. This FF/Latch will be trimmed during the optimization process.
WARNING:Xst:1895 - Due to other FF/Latch trimming, FF/Latch <sendStr_9_5> (without init value) has a constant value of 1 in block <GPIO_demo>. This FF/Latch will be trimmed during the optimization process.
WARNING:Xst:1895 - Due to other FF/Latch trimming, FF/Latch <sendStr_11_0> (without init value) has a constant value of 1 in block <GPIO_demo>. This FF/Latch will be trimmed during the optimization process.
WARNING:Xst:1895 - Due to other FF/Latch trimming, FF/Latch <sendStr_11_6> (without init value) has a constant value of 1 in block <GPIO_demo>. This FF/Latch will be trimmed during the optimization process.
WARNING:Xst:1895 - Due to other FF/Latch trimming, FF/Latch <sendStr_14_5> (without init value) has a constant value of 1 in block <GPIO_demo>. This FF/Latch will be trimmed during the optimization process.
WARNING:Xst:1895 - Due to other FF/Latch trimming, FF/Latch <sendStr_13_2> (without init value) has a constant value of 1 in block <GPIO_demo>. This FF/Latch will be trimmed during the optimization process.
WARNING:Xst:1895 - Due to other FF/Latch trimming, FF/Latch <sendStr_13_6> (without init value) has a constant value of 1 in block <GPIO_demo>. This FF/Latch will be trimmed during the optimization process.
WARNING:Xst:1895 - Due to other FF/Latch trimming, FF/Latch <sendStr_15_2> (without init value) has a constant value of 1 in block <GPIO_demo>. This FF/Latch will be trimmed during the optimization process.
WARNING:Xst:1895 - Due to other FF/Latch trimming, FF/Latch <sendStr_15_6> (without init value) has a constant value of 1 in block <GPIO_demo>. This FF/Latch will be trimmed during the optimization process.
WARNING:Xst:1895 - Due to other FF/Latch trimming, FF/Latch <sendStr_16_0> (without init value) has a constant value of 1 in block <GPIO_demo>. This FF/Latch will be trimmed during the optimization process.
WARNING:Xst:1895 - Due to other FF/Latch trimming, FF/Latch <sendStr_16_2> (without init value) has a constant value of 1 in block <GPIO_demo>. This FF/Latch will be trimmed during the optimization process.
WARNING:Xst:1895 - Due to other FF/Latch trimming, FF/Latch <sendStr_16_6> (without init value) has a constant value of 1 in block <GPIO_demo>. This FF/Latch will be trimmed during the optimization process.
WARNING:Xst:1895 - Due to other FF/Latch trimming, FF/Latch <sendStr_18_2> (without init value) has a constant value of 1 in block <GPIO_demo>. This FF/Latch will be trimmed during the optimization process.
WARNING:Xst:1895 - Due to other FF/Latch trimming, FF/Latch <sendStr_18_6> (without init value) has a constant value of 1 in block <GPIO_demo>. This FF/Latch will be trimmed during the optimization process.
WARNING:Xst:1895 - Due to other FF/Latch trimming, FF/Latch <sendStr_17_0> (without init value) has a constant value of 1 in block <GPIO_demo>. This FF/Latch will be trimmed during the optimization process.
WARNING:Xst:1895 - Due to other FF/Latch trimming, FF/Latch <sendStr_17_6> (without init value) has a constant value of 1 in block <GPIO_demo>. This FF/Latch will be trimmed during the optimization process.
WARNING:Xst:1895 - Due to other FF/Latch trimming, FF/Latch <sendStr_19_0> (without init value) has a constant value of 1 in block <GPIO_demo>. This FF/Latch will be trimmed during the optimization process.
WARNING:Xst:1895 - Due to other FF/Latch trimming, FF/Latch <sendStr_19_5> (without init value) has a constant value of 1 in block <GPIO_demo>. This FF/Latch will be trimmed during the optimization process.
WARNING:Xst:1895 - Due to other FF/Latch trimming, FF/Latch <sendStr_22_3> (without init value) has a constant value of 1 in block <GPIO_demo>. This FF/Latch will be trimmed during the optimization process.
WARNING:Xst:1895 - Due to other FF/Latch trimming, FF/Latch <strEnd_4> (without init value) has a constant value of 1 in block <GPIO_demo>. This FF/Latch will be trimmed during the optimization process.
WARNING:Xst:1895 - Due to other FF/Latch trimming, FF/Latch <sendStr_1_0> (without init value) has a constant value of 1 in block <GPIO_demo>. This FF/Latch will be trimmed during the optimization process.
WARNING:Xst:1895 - Due to other FF/Latch trimming, FF/Latch <sendStr_1_2> (without init value) has a constant value of 1 in block <GPIO_demo>. This FF/Latch will be trimmed during the optimization process.
WARNING:Xst:1895 - Due to other FF/Latch trimming, FF/Latch <sendStr_0_1> (without init value) has a constant value of 1 in block <GPIO_demo>. This FF/Latch will be trimmed during the optimization process.
WARNING:Xst:1895 - Due to other FF/Latch trimming, FF/Latch <sendStr_2_4> (without init value) has a constant value of 1 in block <GPIO_demo>. This FF/Latch will be trimmed during the optimization process.
WARNING:Xst:1895 - Due to other FF/Latch trimming, FF/Latch <sendStr_2_6> (without init value) has a constant value of 1 in block <GPIO_demo>. This FF/Latch will be trimmed during the optimization process.
WARNING:Xst:1895 - Due to other FF/Latch trimming, FF/Latch <sendStr_3_2> (without init value) has a constant value of 1 in block <GPIO_demo>. This FF/Latch will be trimmed during the optimization process.
WARNING:Xst:1895 - Due to other FF/Latch trimming, FF/Latch <sendStr_3_6> (without init value) has a constant value of 1 in block <GPIO_demo>. This FF/Latch will be trimmed during the optimization process.
WARNING:Xst:1895 - Due to other FF/Latch trimming, FF/Latch <sendStr_5_2> (without init value) has a constant value of 1 in block <GPIO_demo>. This FF/Latch will be trimmed during the optimization process.
WARNING:Xst:1895 - Due to other FF/Latch trimming, FF/Latch <sendStr_5_6> (without init value) has a constant value of 1 in block <GPIO_demo>. This FF/Latch will be trimmed during the optimization process.
WARNING:Xst:1895 - Due to other FF/Latch trimming, FF/Latch <sendStr_4_0> (without init value) has a constant value of 1 in block <GPIO_demo>. This FF/Latch will be trimmed during the optimization process.
WARNING:Xst:1895 - Due to other FF/Latch trimming, FF/Latch <sendStr_4_1> (without init value) has a constant value of 1 in block <GPIO_demo>. This FF/Latch will be trimmed during the optimization process.
WARNING:Xst:1895 - Due to other FF/Latch trimming, FF/Latch <sendStr_4_2> (without init value) has a constant value of 1 in block <GPIO_demo>. This FF/Latch will be trimmed during the optimization process.
WARNING:Xst:1895 - Due to other FF/Latch trimming, FF/Latch <sendStr_4_3> (without init value) has a constant value of 1 in block <GPIO_demo>. This FF/Latch will be trimmed during the optimization process.
WARNING:Xst:1895 - Due to other FF/Latch trimming, FF/Latch <sendStr_4_6> (without init value) has a constant value of 1 in block <GPIO_demo>. This FF/Latch will be trimmed during the optimization process.
WARNING:Xst:1895 - Due to other FF/Latch trimming, FF/Latch <sendStr_7_4> (without init value) has a constant value of 1 in block <GPIO_demo>. This FF/Latch will be trimmed during the optimization process.
WARNING:Xst:1895 - Due to other FF/Latch trimming, FF/Latch <sendStr_7_6> (without init value) has a constant value of 1 in block <GPIO_demo>. This FF/Latch will be trimmed during the optimization process.
WARNING:Xst:1895 - Due to other FF/Latch trimming, FF/Latch <sendStr_10_0> (without init value) has a constant value of 1 in block <GPIO_demo>. This FF/Latch will be trimmed during the optimization process.
WARNING:Xst:1895 - Due to other FF/Latch trimming, FF/Latch <sendStr_10_4> (without init value) has a constant value of 1 in block <GPIO_demo>. This FF/Latch will be trimmed during the optimization process.
WARNING:Xst:1895 - Due to other FF/Latch trimming, FF/Latch <sendStr_10_6> (without init value) has a constant value of 1 in block <GPIO_demo>. This FF/Latch will be trimmed during the optimization process.
WARNING:Xst:1895 - Due to other FF/Latch trimming, FF/Latch <sendStr_8_1> (without init value) has a constant value of 1 in block <GPIO_demo>. This FF/Latch will be trimmed during the optimization process.
WARNING:Xst:1426 - The value init of the FF/Latch uartState_FSM_FFd7 hinder the constant cleaning in the block GPIO_demo.
   You should achieve better results by setting this init to 0.
WARNING:Xst:1293 - FF/Latch <uartData_7> has a constant value of 0 in block <GPIO_demo>. This FF/Latch will be trimmed during the optimization process.
INFO:Xst:2261 - The FF/Latch <strEnd_0> in Unit <GPIO_demo> is equivalent to the following 25 FFs/Latches, which will be removed : <strEnd_1> <strEnd_2> <sendStr_1_3> <sendStr_0_3> <sendStr_3_0> <sendStr_3_3> <sendStr_6_1> <sendStr_6_6> <sendStr_7_2> <sendStr_10_2> <sendStr_12_1> <sendStr_12_4> <sendStr_12_6> <sendStr_13_4> <sendStr_18_0> <sendStr_18_1> <sendStr_18_3> <sendStr_17_2> <sendStr_17_3> <sendStr_20_1> <sendStr_20_3> <sendStr_21_1> <sendStr_21_3> <sendStr_22_0> <sendStr_22_2> 
INFO:Xst:2261 - The FF/Latch <strEnd_3> in Unit <GPIO_demo> is equivalent to the following 43 FFs/Latches, which will be removed : <sendStr_1_4> <sendStr_1_5> <sendStr_1_6> <sendStr_0_6> <sendStr_2_2> <sendStr_2_5> <sendStr_3_4> <sendStr_3_5> <sendStr_5_1> <sendStr_5_3> <sendStr_5_5> <sendStr_4_5> <sendStr_6_5> <sendStr_7_5> <sendStr_10_1> <sendStr_10_5> <sendStr_8_6> <sendStr_9_0> <sendStr_9_2> <sendStr_9_6> <sendStr_11_1> <sendStr_11_4> <sendStr_11_5> <sendStr_12_5> <sendStr_14_0> <sendStr_14_2> <sendStr_14_6> <sendStr_13_5> <sendStr_15_4> <sendStr_15_5> <sendStr_16_5> <sendStr_18_4> <sendStr_18_5> <sendStr_17_1> <sendStr_17_5> <sendStr_19_2> <sendStr_19_6> <sendStr_20_2> <sendStr_20_5> <sendStr_20_6> <sendStr_21_0> <sendStr_21_5> <sendStr_22_1> 
INFO:Xst:2261 - The FF/Latch <uartSend> in Unit <GPIO_demo> is equivalent to the following FF/Latch, which will be removed : <uartState_FSM_FFd4> 

Optimizing unit <GPIO_demo> ...

Optimizing unit <UART_TX_CTRL> ...
WARNING:Xst:1710 - FF/Latch <Inst_UART_TX_CTRL/txData_8> (without init value) has a constant value of 0 in block <GPIO_demo>. This FF/Latch will be trimmed during the optimization process.

Mapping all equations...
Building and optimizing final netlist ...
Found area constraint ratio of 100 (+ 5) on block GPIO_demo, actual ratio is 0.

Final Macro Processing ...

Processing Unit <GPIO_demo> :
	Found 2-bit shift register for signal <uartState_FSM_FFd6>.
Unit <GPIO_demo> processed.

=========================================================================
Final Register Report

Macro Statistics
# Registers                                            : 124
 Flip-Flops                                            : 124
# Shift Registers                                      : 1
 2-bit shift register                                  : 1

=========================================================================

=========================================================================
*                           Partition Report                            *
=========================================================================

Partition Implementation Status
-------------------------------

  No Partitions were found in this design.

-------------------------------

=========================================================================
*                            Design Summary                             *
=========================================================================

Top Level Output File Name         : GPIO_demo.ngc

Primitive and Black Box Usage:
------------------------------
# BELS                             : 374
#      GND                         : 1
#      INV                         : 6
#      LUT1                        : 94
#      LUT2                        : 19
#      LUT3                        : 4
#      LUT4                        : 3
#      LUT5                        : 9
#      LUT6                        : 26
#      MUXCY                       : 107
#      MUXF7                       : 6
#      VCC                         : 1
#      XORCY                       : 98
# FlipFlops/Latches                : 125
#      FD                          : 22
#      FDE                         : 17
#      FDR                         : 23
#      FDRE                        : 62
#      FDSE                        : 1
# Shift Registers                  : 1
#      SRLC16E                     : 1
# Clock Buffers                    : 1
#      BUFGP                       : 1
# IO Buffers                       : 5
#      IBUF                        : 1
#      OBUF                        : 4

Device utilization summary:
---------------------------

Selected Device : 7a100tcsg324-3 


Slice Logic Utilization: 
 Number of Slice Registers:             125  out of  126800     0%  
 Number of Slice LUTs:                  162  out of  63400     0%  
    Number used as Logic:               161  out of  63400     0%  
    Number used as Memory:                1  out of  19000     0%  
       Number used as SRL:                1

Slice Logic Distribution: 
 Number of LUT Flip Flop pairs used:    172
   Number with an unused Flip Flop:      47  out of    172    27%  
   Number with an unused LUT:            10  out of    172     5%  
   Number of fully used LUT-FF pairs:   115  out of    172    66%  
   Number of unique control sets:         9

IO Utilization: 
 Number of IOs:                           9
 Number of bonded IOBs:                   6  out of    210     2%  

Specific Feature Utilization:
 Number of BUFG/BUFGCTRLs:                1  out of     32     3%  

---------------------------
Partition Resource Summary:
---------------------------

  No Partitions were found in this design.

---------------------------


=========================================================================
Timing Report

NOTE: THESE TIMING NUMBERS ARE ONLY A SYNTHESIS ESTIMATE.
      FOR ACCURATE TIMING INFORMATION PLEASE REFER TO THE TRACE REPORT
      GENERATED AFTER PLACE-and-ROUTE.

Clock Information:
------------------
-----------------------------------+------------------------+-------+
Clock Signal                       | Clock buffer(FF name)  | Load  |
-----------------------------------+------------------------+-------+
CLK                                | BUFGP                  | 126   |
-----------------------------------+------------------------+-------+

Asynchronous Control Signals Information:
----------------------------------------
No asynchronous control signals found in this design

Timing Summary:
---------------
Speed Grade: -3

   Minimum period: 2.556ns (Maximum Frequency: 391.267MHz)
   Minimum input arrival time before clock: 1.087ns
   Maximum output required time after clock: 0.645ns
   Maximum combinational path delay: No path found

Timing Details:
---------------
All values displayed in nanoseconds (ns)

=========================================================================
Timing constraint: Default period analysis for Clock 'CLK'
  Clock period: 2.556ns (frequency: 391.267MHz)
  Total number of paths / destination ports: 2536 / 289
-------------------------------------------------------------------------
Delay:               2.556ns (Levels of Logic = 6)
  Source:            blinkCounter_0 (FF)
  Destination:       blinkCounter_0 (FF)
  Source Clock:      CLK rising
  Destination Clock: CLK rising

  Data Path: blinkCounter_0 to blinkCounter_0
                                Gate     Net
    Cell:in->out      fanout   Delay   Delay  Logical Name (Net Name)
    ----------------------------------------  ------------
     FDR:C->Q              2   0.361   0.687  blinkCounter_0 (blinkCounter_0)
     LUT5:I0->O            1   0.097   0.000  Mcompar_blinkCounter[21]_PWR_5_o_LessThan_1_o_lut<0> (Mcompar_blinkCounter[21]_PWR_5_o_LessThan_1_o_lut<0>)
     MUXCY:S->O            1   0.353   0.000  Mcompar_blinkCounter[21]_PWR_5_o_LessThan_1_o_cy<0> (Mcompar_blinkCounter[21]_PWR_5_o_LessThan_1_o_cy<0>)
     MUXCY:CI->O           1   0.023   0.000  Mcompar_blinkCounter[21]_PWR_5_o_LessThan_1_o_cy<1> (Mcompar_blinkCounter[21]_PWR_5_o_LessThan_1_o_cy<1>)
     MUXCY:CI->O           1   0.023   0.000  Mcompar_blinkCounter[21]_PWR_5_o_LessThan_1_o_cy<2> (Mcompar_blinkCounter[21]_PWR_5_o_LessThan_1_o_cy<2>)
     MUXCY:CI->O           1   0.023   0.000  Mcompar_blinkCounter[21]_PWR_5_o_LessThan_1_o_cy<3> (Mcompar_blinkCounter[21]_PWR_5_o_LessThan_1_o_cy<3>)
     MUXCY:CI->O          23   0.262   0.377  Mcompar_blinkCounter[21]_PWR_5_o_LessThan_1_o_cy<4> (Mcompar_blinkCounter[21]_PWR_5_o_LessThan_1_o_cy<4>)
     FDR:R                     0.349          blinkCounter_0
    ----------------------------------------
    Total                      2.556ns (1.491ns logic, 1.065ns route)
                                       (58.3% logic, 41.7% route)

=========================================================================
Timing constraint: Default OFFSET IN BEFORE for Clock 'CLK'
  Total number of paths / destination ports: 3 / 3
-------------------------------------------------------------------------
Offset:              1.087ns (Levels of Logic = 3)
  Source:            BTN (PAD)
  Destination:       uartState_FSM_FFd2 (FF)
  Destination Clock: CLK rising

  Data Path: BTN to uartState_FSM_FFd2
                                Gate     Net
    Cell:in->out      fanout   Delay   Delay  Logical Name (Net Name)
    ----------------------------------------  ------------
     IBUF:I->O             3   0.001   0.389  BTN_IBUF (BTN_IBUF)
     LUT3:I1->O            1   0.097   0.000  uartState_FSM_FFd2-In1_lut1 (uartState_FSM_FFd2-In1_lut1)
     MUXCY:S->O            1   0.592   0.000  uartState_FSM_FFd2-In1_cy1 (uartState_FSM_FFd2-In)
     FD:D                      0.008          uartState_FSM_FFd2
    ----------------------------------------
    Total                      1.087ns (0.698ns logic, 0.389ns route)
                                       (64.2% logic, 35.8% route)

=========================================================================
Timing constraint: Default OFFSET OUT AFTER for Clock 'CLK'
  Total number of paths / destination ports: 2 / 2
-------------------------------------------------------------------------
Offset:              0.645ns (Levels of Logic = 1)
  Source:            LEDReg (FF)
  Destination:       LED (PAD)
  Source Clock:      CLK rising

  Data Path: LEDReg to LED
                                Gate     Net
    Cell:in->out      fanout   Delay   Delay  Logical Name (Net Name)
    ----------------------------------------  ------------
     FD:C->Q               2   0.361   0.283  LEDReg (LEDReg)
     OBUF:I->O                 0.000          LED_OBUF (LED)
    ----------------------------------------
    Total                      0.645ns (0.361ns logic, 0.283ns route)
                                       (56.0% logic, 44.0% route)

=========================================================================

Cross Clock Domains Report:
--------------------------

Clock to Setup on destination clock CLK
---------------+---------+---------+---------+---------+
               | Src:Rise| Src:Fall| Src:Rise| Src:Fall|
Source Clock   |Dest:Rise|Dest:Rise|Dest:Fall|Dest:Fall|
---------------+---------+---------+---------+---------+
CLK            |    2.556|         |         |         |
---------------+---------+---------+---------+---------+

=========================================================================


Total REAL time to Xst completion: 14.00 secs
Total CPU time to Xst completion: 14.31 secs
 
--> 

Total memory usage is 452388 kilobytes

Number of errors   :    0 (   0 filtered)
Number of warnings :  272 (   0 filtered)
Number of infos    :    3 (   0 filtered)

